Using pre-set license
Built from '2021.1/staging' branch; Version is '2021.1.12f1 (afcadd793de6) revision 11520733'; Using compiler version '192528614'; Build Type 'Release'
OS: 'Windows 10 Pro; OS build 19042.1165; Version 2009; 64bit' Language: 'ru' Physical Memory: 7640 MB
BatchMode: 1, IsHumanControllingUs: 0, StartBugReporterOnCrash: 0, Is64bit: 1, IsPro: 0

 COMMAND LINE ARGUMENTS:
I:\Programs\Unity\2021.1.12f1\Editor\Unity.exe
-adb2
-batchMode
-noUpm
-name
AssetImportWorker0
-projectPath
I:/UnityProject/GameHouse
-logFile
Logs/AssetImportWorker0.log
-srvPort
65297
Successfully changed project path to: I:/UnityProject/GameHouse
I:/UnityProject/GameHouse
Using Asset Import Pipeline V2.
Refreshing native plugins compatible for Editor in 117.13 ms, found 4 plugins.
Preloading 0 native plugins for Editor in 0.00 ms.
Initialize engine version: 2021.1.12f1 (afcadd793de6)
[Subsystems] Discovering subsystems at path I:/Programs/Unity/2021.1.12f1/Editor/Data/Resources/UnitySubsystems
[Subsystems] Discovering subsystems at path I:/UnityProject/GameHouse/Assets
GfxDevice: creating device client; threaded=0; jobified=0
Direct3D:
    Version:  Direct3D 11.0 [level 11.1]
    Renderer: NVIDIA GeForce GTX 1050 Ti (ID=0x1c82)
    Vendor:   NVIDIA
    VRAM:     4018 MB
    Driver:   27.21.14.5671
Initialize mono
Mono path[0] = 'I:/Programs/Unity/2021.1.12f1/Editor/Data/Managed'
Mono path[1] = 'I:/Programs/Unity/2021.1.12f1/Editor/Data/MonoBleedingEdge/lib/mono/unityjit'
Mono config path = 'I:/Programs/Unity/2021.1.12f1/Editor/Data/MonoBleedingEdge/etc'
Using monoOptions --debugger-agent=transport=dt_socket,embedding=1,server=y,suspend=n,address=127.0.0.1:56044
Begin MonoManager ReloadAssembly
Registering precompiled unity dll's ...
Register platform support module: I:/Programs/Unity/2021.1.12f1/Editor/Data/PlaybackEngines/WindowsStandaloneSupport/UnityEditor.WindowsStandalone.Extensions.dll
Registered in 0.001348 seconds.
Native extension for WindowsStandalone target not found
Refreshing native plugins compatible for Editor in 105.66 ms, found 4 plugins.
Preloading 0 native plugins for Editor in 0.00 ms.
Mono: successfully reloaded assembly
- Completed reload, in  1.453 seconds
Domain Reload Profiling:
	ReloadAssembly (1454ms)
		BeginReloadAssembly (75ms)
			ExecutionOrderSort (0ms)
			DisableScriptedObjects (0ms)
			BackupInstance (0ms)
			ReleaseScriptingObjects (0ms)
			CreateAndSetChildDomain (1ms)
		EndReloadAssembly (495ms)
			LoadAssemblies (74ms)
			RebuildTransferFunctionScriptingTraits (0ms)
			SetupTypeCache (170ms)
			ReleaseScriptCaches (0ms)
			RebuildScriptCaches (29ms)
			SetupLoadedEditorAssemblies (250ms)
				LogAssemblyErrors (0ms)
				InitializePlatformSupportModulesInManaged (6ms)
				SetLoadedEditorAssemblies (0ms)
				RefreshPlugins (106ms)
				BeforeProcessingInitializeOnLoad (1ms)
				ProcessInitializeOnLoadAttributes (104ms)
				ProcessInitializeOnLoadMethodAttributes (33ms)
				AfterProcessingInitializeOnLoad (0ms)
				EditorAssembliesLoaded (0ms)
			ExecutionOrderSort2 (0ms)
			AwakeInstancesAfterBackupRestoration (0ms)
Platform modules already initialized, skipping
Registering precompiled user dll's ...
Registered in 0.006065 seconds.
Begin MonoManager ReloadAssembly
Symbol file LoadedFromMemory doesn't match image I:\UnityProject\GameHouse\Library\PackageCache\com.unity.visualscripting@1.6.1\Editor\VisualScripting.Core\Dependencies\YamlDotNet\Unity.VisualScripting.YamlDotNet.dll
Symbol file LoadedFromMemory doesn't match image I:\UnityProject\GameHouse\Library\PackageCache\com.unity.visualscripting@1.6.1\Editor\VisualScripting.Core\Dependencies\DotNetZip\Unity.VisualScripting.IonicZip.dll
Native extension for WindowsStandalone target not found
Refreshing native plugins compatible for Editor in 124.41 ms, found 4 plugins.
Preloading 0 native plugins for Editor in 0.00 ms.
Mono: successfully reloaded assembly
- Completed reload, in  1.406 seconds
Domain Reload Profiling:
	ReloadAssembly (1406ms)
		BeginReloadAssembly (178ms)
			ExecutionOrderSort (0ms)
			DisableScriptedObjects (5ms)
			BackupInstance (0ms)
			ReleaseScriptingObjects (0ms)
			CreateAndSetChildDomain (22ms)
		EndReloadAssembly (1160ms)
			LoadAssemblies (137ms)
			RebuildTransferFunctionScriptingTraits (0ms)
			SetupTypeCache (388ms)
			ReleaseScriptCaches (1ms)
			RebuildScriptCaches (56ms)
			SetupLoadedEditorAssemblies (490ms)
				LogAssemblyErrors (0ms)
				InitializePlatformSupportModulesInManaged (5ms)
				SetLoadedEditorAssemblies (0ms)
				RefreshPlugins (124ms)
				BeforeProcessingInitializeOnLoad (82ms)
				ProcessInitializeOnLoadAttributes (257ms)
				ProcessInitializeOnLoadMethodAttributes (17ms)
				AfterProcessingInitializeOnLoad (3ms)
				EditorAssembliesLoaded (0ms)
			ExecutionOrderSort2 (0ms)
			AwakeInstancesAfterBackupRestoration (7ms)
Platform modules already initialized, skipping
========================================================================
Worker process is ready to serve import requests
Launched and connected shader compiler UnityShaderCompiler.exe after 0.05 seconds
Refreshing native plugins compatible for Editor in 1.18 ms, found 4 plugins.
Preloading 0 native plugins for Editor in 0.00 ms.
Unloading 3671 Unused Serialized files (Serialized files now loaded: 0)
System memory in use before: 136.1 MB.
System memory in use after: 136.2 MB.

Unloading 37 unused Assets to reduce memory usage. Loaded Objects now: 4115.
Total: 3.224600 ms (FindLiveObjects: 0.369200 ms CreateObjectMapping: 0.109200 ms MarkObjects: 2.596800 ms  DeleteObjects: 0.148000 ms)

AssetImportParameters requested are different than current active one (requested -> active):
  custom:framework-win-MediaFoundation: 216162199b28c13a410421893ffa2e32 -> 
  custom:video-decoder-ogg-theora: a1e56fd34408186e4bbccfd4996cb3dc -> 
  custom:container-muxer-webm: aa71ff27fc2769a1b78a27578f13a17b -> 
  custom:container-demuxer-webm: 4f35f7cbe854078d1ac9338744f61a02 -> 
  custom:container-demuxer-ogg: 62fdf1f143b41e24485cea50d1cbac27 -> 
  custom:video-encoder-webm-vp8: eb34c28f22e8b96e1ab97ce403110664 -> 
  custom:video-decoder-webm-vp8: 9c59270c3fd7afecdb556c50c9e8de78 -> 
  custom:audio-decoder-ogg-vorbis: bf7c407c2cedff20999df2af8eb42d56 -> 
  custom:audio-encoder-webm-vorbis: bf7c407c2cedff20999df2af8eb42d56 -> 
========================================================================
Received Import Request.
  path: Assets/GameHouse/Prefabs/House.png
  artifactKey: Guid(d366ad014a963ce4081dd70b857a2363) Importer(815301076,1909f56bfc062723c751e8b465ee728b)
Start importing Assets/GameHouse/Prefabs/House.png using Guid(d366ad014a963ce4081dd70b857a2363) Importer(815301076,1909f56bfc062723c751e8b465ee728b)  -> (artifact id: 'bc946f22530ffab12bfaa21b72109967') in 0.299854 seconds 
========================================================================
Received Import Request.
  Time since last request: 0.000299 seconds.
  path: Assets/GameHouse/Prefabs/aaaaaaa.prefab
  artifactKey: Guid(afb94719e9b44834b8017eb55df02958) Importer(815301076,1909f56bfc062723c751e8b465ee728b)
Start importing Assets/GameHouse/Prefabs/aaaaaaa.prefab using Guid(afb94719e9b44834b8017eb55df02958) Importer(815301076,1909f56bfc062723c751e8b465ee728b)  -> (artifact id: 'c935b1706fd4c3450c770282ce9cc724') in 0.037784 seconds 
========================================================================
Received Import Request.
  Time since last request: 0.000288 seconds.
  path: Assets/GameHouse/Prefabs/Door.jpg
  artifactKey: Guid(5c84a867f96a86b4ea1c68d2790280d5) Importer(815301076,1909f56bfc062723c751e8b465ee728b)
Start importing Assets/GameHouse/Prefabs/Door.jpg using Guid(5c84a867f96a86b4ea1c68d2790280d5) Importer(815301076,1909f56bfc062723c751e8b465ee728b)  -> (artifact id: 'e2c9a2b7f59ea1972eb21c3c97395f8c') in 0.020630 seconds 
========================================================================
Received Import Request.
  Time since last request: 0.000246 seconds.
  path: Assets/GameHouse/Scene/House.unity
  artifactKey: Guid(3f78c530e1c19474994724b88cd38fc7) Importer(815301076,1909f56bfc062723c751e8b465ee728b)
Start importing Assets/GameHouse/Scene/House.unity using Guid(3f78c530e1c19474994724b88cd38fc7) Importer(815301076,1909f56bfc062723c751e8b465ee728b)  -> (artifact id: 'de3500be9874eceeb345e49ece2651d3') in 0.007361 seconds 
========================================================================
Received Import Request.
  Time since last request: 0.000206 seconds.
  path: Assets/GameHouse/Animations
  artifactKey: Guid(7490e229a4ee32145a5777824051756d) Importer(815301076,1909f56bfc062723c751e8b465ee728b)
Start importing Assets/GameHouse/Animations using Guid(7490e229a4ee32145a5777824051756d) Importer(815301076,1909f56bfc062723c751e8b465ee728b)  -> (artifact id: 'cc294cf4a83916b37a7044a38a63dd90') in 0.007667 seconds 
========================================================================
Received Import Request.
  Time since last request: 8.330794 seconds.
  path: Assets/GameHouse/Sound/1cbaf0d473a45a6.mp3
  artifactKey: Guid(024a0fdd822c9e543bd553415d4268d5) Importer(815301076,1909f56bfc062723c751e8b465ee728b)
Start importing Assets/GameHouse/Sound/1cbaf0d473a45a6.mp3 using Guid(024a0fdd822c9e543bd553415d4268d5) Importer(815301076,1909f56bfc062723c751e8b465ee728b)  -> (artifact id: 'cb9ad19994fad407a11a92dca912c992') in 0.041295 seconds 
========================================================================
Received Import Request.
  Time since last request: 0.000177 seconds.
  path: Assets/GameHouse/Sound/03281.mp3
  artifactKey: Guid(507a4274fe0255345add87d3ef94031a) Importer(815301076,1909f56bfc062723c751e8b465ee728b)
Start importing Assets/GameHouse/Sound/03281.mp3 using Guid(507a4274fe0255345add87d3ef94031a) Importer(815301076,1909f56bfc062723c751e8b465ee728b)  -> (artifact id: '8c58f346492189c1279fe06643fb3a3e') in 0.014747 seconds 
========================================================================
Received Import Request.
  Time since last request: 5.374127 seconds.
  path: Assets/GameHouse/Sprite/thief.png
  artifactKey: Guid(e77aa18952a6df749babc82781433e58) Importer(815301076,1909f56bfc062723c751e8b465ee728b)
Start importing Assets/GameHouse/Sprite/thief.png using Guid(e77aa18952a6df749babc82781433e58) Importer(815301076,1909f56bfc062723c751e8b465ee728b)  -> (artifact id: 'd45f1d288dd6a90008de2c9e13a32598') in 0.035259 seconds 
========================================================================
Received Import Request.
  Time since last request: 0.000149 seconds.
  path: Assets/GameHouse/Sprite/thief_4.prefab
  artifactKey: Guid(8e7c764ff23e3e04abfd21d350b98e2e) Importer(815301076,1909f56bfc062723c751e8b465ee728b)
Start importing Assets/GameHouse/Sprite/thief_4.prefab using Guid(8e7c764ff23e3e04abfd21d350b98e2e) Importer(815301076,1909f56bfc062723c751e8b465ee728b)  -> (artifact id: '43081897a930e65c97a7232f0dc10cf8') in 0.049323 seconds 
========================================================================
Received Prepare
Registering precompiled user dll's ...
Registered in 0.006191 seconds.
Begin MonoManager ReloadAssembly
Symbol file LoadedFromMemory doesn't match image I:\UnityProject\GameHouse\Library\PackageCache\com.unity.visualscripting@1.6.1\Editor\VisualScripting.Core\Dependencies\YamlDotNet\Unity.VisualScripting.YamlDotNet.dll
Symbol file LoadedFromMemory doesn't match image I:\UnityProject\GameHouse\Library\PackageCache\com.unity.visualscripting@1.6.1\Editor\VisualScripting.Core\Dependencies\DotNetZip\Unity.VisualScripting.IonicZip.dll
Native extension for WindowsStandalone target not found
Refreshing native plugins compatible for Editor in 0.86 ms, found 4 plugins.
Preloading 0 native plugins for Editor in 0.00 ms.
Mono: successfully reloaded assembly
- Completed reload, in  1.152 seconds
Domain Reload Profiling:
	ReloadAssembly (1152ms)
		BeginReloadAssembly (148ms)
			ExecutionOrderSort (0ms)
			DisableScriptedObjects (6ms)
			BackupInstance (0ms)
			ReleaseScriptingObjects (0ms)
			CreateAndSetChildDomain (51ms)
		EndReloadAssembly (945ms)
			LoadAssemblies (118ms)
			RebuildTransferFunctionScriptingTraits (0ms)
			SetupTypeCache (361ms)
			ReleaseScriptCaches (1ms)
			RebuildScriptCaches (45ms)
			SetupLoadedEditorAssemblies (317ms)
				LogAssemblyErrors (0ms)
				InitializePlatformSupportModulesInManaged (5ms)
				SetLoadedEditorAssemblies (0ms)
				RefreshPlugins (1ms)
				BeforeProcessingInitializeOnLoad (60ms)
				ProcessInitializeOnLoadAttributes (239ms)
				ProcessInitializeOnLoadMethodAttributes (9ms)
				AfterProcessingInitializeOnLoad (3ms)
				EditorAssembliesLoaded (0ms)
			ExecutionOrderSort2 (0ms)
			AwakeInstancesAfterBackupRestoration (15ms)
Platform modules already initialized, skipping
Refreshing native plugins compatible for Editor in 0.93 ms, found 4 plugins.
Preloading 0 native plugins for Editor in 0.00 ms.
Unloading 3669 Unused Serialized files (Serialized files now loaded: 0)
System memory in use before: 141.8 MB.
System memory in use after: 141.9 MB.

Unloading 25 unused Assets to reduce memory usage. Loaded Objects now: 4183.
Total: 3.251800 ms (FindLiveObjects: 0.447100 ms CreateObjectMapping: 0.206600 ms MarkObjects: 2.487800 ms  DeleteObjects: 0.108700 ms)

AssetImportParameters requested are different than current active one (requested -> active):
  custom:framework-win-MediaFoundation: 216162199b28c13a410421893ffa2e32 -> 
  custom:video-decoder-ogg-theora: a1e56fd34408186e4bbccfd4996cb3dc -> 
  custom:container-muxer-webm: aa71ff27fc2769a1b78a27578f13a17b -> 
  custom:container-demuxer-webm: 4f35f7cbe854078d1ac9338744f61a02 -> 
  custom:container-demuxer-ogg: 62fdf1f143b41e24485cea50d1cbac27 -> 
  custom:video-encoder-webm-vp8: eb34c28f22e8b96e1ab97ce403110664 -> 
  custom:video-decoder-webm-vp8: 9c59270c3fd7afecdb556c50c9e8de78 -> 
  custom:audio-decoder-ogg-vorbis: bf7c407c2cedff20999df2af8eb42d56 -> 
  custom:audio-encoder-webm-vorbis: bf7c407c2cedff20999df2af8eb42d56 -> 
========================================================================
Received Import Request.
  Time since last request: 74.677893 seconds.
  path: Assets/GameHouse
  artifactKey: Guid(05ca7291094cd964bb1e77837c45d26b) Importer(815301076,1909f56bfc062723c751e8b465ee728b)
Start importing Assets/GameHouse using Guid(05ca7291094cd964bb1e77837c45d26b) Importer(815301076,1909f56bfc062723c751e8b465ee728b)  -> (artifact id: 'f653f1fe398950a1eb4fcfb32759cb53') in 0.011024 seconds 
========================================================================
Received Import Request.
  Time since last request: 175.991055 seconds.
  path: Assets/MagicCliffsArtwork
  artifactKey: Guid(349ba547efe98dd45971615ff69b5956) Importer(815301076,1909f56bfc062723c751e8b465ee728b)
Start importing Assets/MagicCliffsArtwork using Guid(349ba547efe98dd45971615ff69b5956) Importer(815301076,1909f56bfc062723c751e8b465ee728b)  -> (artifact id: 'c4f97e0bab64dfb4ccc5d365a2d7e7a7') in 0.006672 seconds 
========================================================================
Received Import Request.
  Time since last request: 0.640242 seconds.
  path: Assets/MagicCliffsArtwork/cave-tileset.png
  artifactKey: Guid(f5091b27a656f437094000095b53c3e9) Importer(815301076,1909f56bfc062723c751e8b465ee728b)
Start importing Assets/MagicCliffsArtwork/cave-tileset.png using Guid(f5091b27a656f437094000095b53c3e9) Importer(815301076,1909f56bfc062723c751e8b465ee728b)  -> (artifact id: '3d66fd822ebaf5256972bc61881d62a1') in 0.151635 seconds 
========================================================================
Received Import Request.
  Time since last request: 0.000199 seconds.
  path: Assets/MagicCliffsArtwork/far-grounds.png
  artifactKey: Guid(f07713816d1804024959baa9e2f75852) Importer(815301076,1909f56bfc062723c751e8b465ee728b)
Start importing Assets/MagicCliffsArtwork/far-grounds.png using Guid(f07713816d1804024959baa9e2f75852) Importer(815301076,1909f56bfc062723c751e8b465ee728b)  -> (artifact id: '00ab112d107ed58056a56b1ff98169f6') in 0.020496 seconds 
========================================================================
Received Import Request.
  Time since last request: 0.000214 seconds.
  path: Assets/MagicCliffsArtwork/clouds.png
  artifactKey: Guid(e5bd0397035914333a8d430a1a5d7d16) Importer(815301076,1909f56bfc062723c751e8b465ee728b)
Start importing Assets/MagicCliffsArtwork/clouds.png using Guid(e5bd0397035914333a8d430a1a5d7d16) Importer(815301076,1909f56bfc062723c751e8b465ee728b)  -> (artifact id: 'c4bc9b230b9471a192be125fe59225c0') in 0.020148 seconds 
========================================================================
Received Import Request.
  Time since last request: 0.000169 seconds.
  path: Assets/MagicCliffsArtwork/tileset.png
  artifactKey: Guid(e6b6d08ce81654c3bb8887b055fb015d) Importer(815301076,1909f56bfc062723c751e8b465ee728b)
Start importing Assets/MagicCliffsArtwork/tileset.png using Guid(e6b6d08ce81654c3bb8887b055fb015d) Importer(815301076,1909f56bfc062723c751e8b465ee728b)  -> (artifact id: '8e010f62adc2aa2046d7dd1a6eb4023a') in 0.331042 seconds 
========================================================================
Received Import Request.
  Time since last request: 0.000228 seconds.
  path: Assets/MagicCliffsArtwork/sky.png
  artifactKey: Guid(934d773f096874824bd544d55c4d8538) Importer(815301076,1909f56bfc062723c751e8b465ee728b)
Start importing Assets/MagicCliffsArtwork/sky.png using Guid(934d773f096874824bd544d55c4d8538) Importer(815301076,1909f56bfc062723c751e8b465ee728b)  -> (artifact id: 'f616a2e8c092b695c1e4cba735b42e45') in 0.022130 seconds 
========================================================================
Received Import Request.
  Time since last request: 0.000245 seconds.
  path: Assets/MagicCliffsArtwork/objects.png
  artifactKey: Guid(c568092d7452f4cf9b5a6e629a61dcd2) Importer(815301076,1909f56bfc062723c751e8b465ee728b)
Start importing Assets/MagicCliffsArtwork/objects.png using Guid(c568092d7452f4cf9b5a6e629a61dcd2) Importer(815301076,1909f56bfc062723c751e8b465ee728b)  -> (artifact id: 'a0fe0e0bc6cfdc88e55353dca15792e6') in 0.033410 seconds 
========================================================================
Received Import Request.
  Time since last request: 0.000169 seconds.
  path: Assets/MagicCliffsArtwork/sea.png
  artifactKey: Guid(2e4c295fab3d94e2eb53e35cf2cf7112) Importer(815301076,1909f56bfc062723c751e8b465ee728b)
Start importing Assets/MagicCliffsArtwork/sea.png using Guid(2e4c295fab3d94e2eb53e35cf2cf7112) Importer(815301076,1909f56bfc062723c751e8b465ee728b)  -> (artifact id: '3784e5d2ed367fb640b1da5df6ddf07f') in 0.017238 seconds 
========================================================================
Received Import Request.
  Time since last request: 45.730034 seconds.
  path: Assets/MagicCliffsArtwork/tileset.png
  artifactKey: Guid(e6b6d08ce81654c3bb8887b055fb015d) Importer(815301076,1909f56bfc062723c751e8b465ee728b)
Start importing Assets/MagicCliffsArtwork/tileset.png using Guid(e6b6d08ce81654c3bb8887b055fb015d) Importer(815301076,1909f56bfc062723c751e8b465ee728b)  -> (artifact id: 'a8cb9a18341a260174aa6b80919a5058') in 0.097526 seconds 
========================================================================
Received Import Request.
  Time since last request: 105.344080 seconds.
  path: Assets/MagicCliffsArtwork/tileset_0.asset
  artifactKey: Guid(6a1607d1449e99143b6cfc35b5d9e4e6) Importer(815301076,1909f56bfc062723c751e8b465ee728b)
Start importing Assets/MagicCliffsArtwork/tileset_0.asset using Guid(6a1607d1449e99143b6cfc35b5d9e4e6) Importer(815301076,1909f56bfc062723c751e8b465ee728b)  -> (artifact id: 'c5b2b3c97f565cb86e6b8ec5a6070726') in 0.057161 seconds 
========================================================================
Received Import Request.
  Time since last request: 0.000215 seconds.
  path: Assets/MagicCliffsArtwork/tileset_3.asset
  artifactKey: Guid(2be4fac74b53efe4abf28087de79e898) Importer(815301076,1909f56bfc062723c751e8b465ee728b)
Start importing Assets/MagicCliffsArtwork/tileset_3.asset using Guid(2be4fac74b53efe4abf28087de79e898) Importer(815301076,1909f56bfc062723c751e8b465ee728b)  -> (artifact id: 'fc5c8ef38a230c8d0a554951e041f006') in 0.014048 seconds 
========================================================================
Received Import Request.
  Time since last request: 0.000152 seconds.
  path: Assets/MagicCliffsArtwork/tileset_1.asset
  artifactKey: Guid(735439d6ed0bd434d83fe34e38a0c9a8) Importer(815301076,1909f56bfc062723c751e8b465ee728b)
Start importing Assets/MagicCliffsArtwork/tileset_1.asset using Guid(735439d6ed0bd434d83fe34e38a0c9a8) Importer(815301076,1909f56bfc062723c751e8b465ee728b)  -> (artifact id: 'e0cf3c1edb3f30e6014a0893e3f87e26') in 0.012339 seconds 
========================================================================
Received Import Request.
  Time since last request: 0.000246 seconds.
  path: Assets/MagicCliffsArtwork/tileset_4.asset
  artifactKey: Guid(49ea0c386039aca47b1ce093859e5fb4) Importer(815301076,1909f56bfc062723c751e8b465ee728b)
Start importing Assets/MagicCliffsArtwork/tileset_4.asset using Guid(49ea0c386039aca47b1ce093859e5fb4) Importer(815301076,1909f56bfc062723c751e8b465ee728b)  -> (artifact id: 'a55b6f5803457c4924465089d65cd472') in 0.011864 seconds 
========================================================================
Received Import Request.
  Time since last request: 0.000211 seconds.
  path: Assets/MagicCliffsArtwork/tileset_2.asset
  artifactKey: Guid(6e6347d2e30a1b544925934c5c63b3e5) Importer(815301076,1909f56bfc062723c751e8b465ee728b)
Start importing Assets/MagicCliffsArtwork/tileset_2.asset using Guid(6e6347d2e30a1b544925934c5c63b3e5) Importer(815301076,1909f56bfc062723c751e8b465ee728b)  -> (artifact id: '68027f0cf70b6010b9e57cbc1a31ac59') in 0.012890 seconds 
========================================================================
Received Import Request.
  Time since last request: 0.000166 seconds.
  path: Assets/MagicCliffsArtwork/tileset_7.asset
  artifactKey: Guid(b8a6de878992c1145b083cd954e62fa7) Importer(815301076,1909f56bfc062723c751e8b465ee728b)
Start importing Assets/MagicCliffsArtwork/tileset_7.asset using Guid(b8a6de878992c1145b083cd954e62fa7) Importer(815301076,1909f56bfc062723c751e8b465ee728b)  -> (artifact id: '6da051ae65bd430d18152e84be47b027') in 0.013104 seconds 
========================================================================
Received Import Request.
  Time since last request: 0.000153 seconds.
  path: Assets/MagicCliffsArtwork/tileset_8.asset
  artifactKey: Guid(3ce5ea3eba6af3d40b3c2f2b3327358d) Importer(815301076,1909f56bfc062723c751e8b465ee728b)
Start importing Assets/MagicCliffsArtwork/tileset_8.asset using Guid(3ce5ea3eba6af3d40b3c2f2b3327358d) Importer(815301076,1909f56bfc062723c751e8b465ee728b)  -> (artifact id: '846eeba7d4afbb3e59189d5d994d9559') in 0.011889 seconds 
========================================================================
Received Import Request.
  Time since last request: 0.000225 seconds.
  path: Assets/MagicCliffsArtwork/tileset_6.asset
  artifactKey: Guid(81f737e628b47314ebb26bd217c103c7) Importer(815301076,1909f56bfc062723c751e8b465ee728b)
Start importing Assets/MagicCliffsArtwork/tileset_6.asset using Guid(81f737e628b47314ebb26bd217c103c7) Importer(815301076,1909f56bfc062723c751e8b465ee728b)  -> (artifact id: '7c3106171e5c59648bfea47ef430e0f6') in 0.012109 seconds 
========================================================================
Received Import Request.
  Time since last request: 0.000228 seconds.
  path: Assets/MagicCliffsArtwork/tileset_5.asset
  artifactKey: Guid(fc789e978a9680b439e23d41c4bda41a) Importer(815301076,1909f56bfc062723c751e8b465ee728b)
Start importing Assets/MagicCliffsArtwork/tileset_5.asset using Guid(fc789e978a9680b439e23d41c4bda41a) Importer(815301076,1909f56bfc062723c751e8b465ee728b)  -> (artifact id: '905adcaefdbba685d5df98f7be968902') in 0.011520 seconds 
========================================================================
Received Import Request.
  Time since last request: 14.729217 seconds.
  path: Assets/MagicCliffsArtwork/tileset.png
  artifactKey: Guid(e6b6d08ce81654c3bb8887b055fb015d) Importer(815301076,1909f56bfc062723c751e8b465ee728b)
Start importing Assets/MagicCliffsArtwork/tileset.png using Guid(e6b6d08ce81654c3bb8887b055fb015d) Importer(815301076,1909f56bfc062723c751e8b465ee728b)  -> (artifact id: 'f66891efb452ed0d7e1e5cbfda695be0') in 0.066855 seconds 
========================================================================
Received Import Request.
  Time since last request: 43.690036 seconds.
  path: Assets/MagicCliffsArtwork/tileset.png
  artifactKey: Guid(e6b6d08ce81654c3bb8887b055fb015d) Importer(815301076,1909f56bfc062723c751e8b465ee728b)
Start importing Assets/MagicCliffsArtwork/tileset.png using Guid(e6b6d08ce81654c3bb8887b055fb015d) Importer(815301076,1909f56bfc062723c751e8b465ee728b)  -> (artifact id: 'adbd3790dd74cecd84925d060113e55d') in 0.063547 seconds 
========================================================================
Received Import Request.
  Time since last request: 19.969578 seconds.
  path: Assets/MagicCliffsArtwork/tileset.png
  artifactKey: Guid(e6b6d08ce81654c3bb8887b055fb015d) Importer(815301076,1909f56bfc062723c751e8b465ee728b)
Start importing Assets/MagicCliffsArtwork/tileset.png using Guid(e6b6d08ce81654c3bb8887b055fb015d) Importer(815301076,1909f56bfc062723c751e8b465ee728b)  -> (artifact id: '8c99c2ea29512daabea755a642225bb6') in 0.056732 seconds 
========================================================================
Received Import Request.
  Time since last request: 14.072966 seconds.
  path: Assets/MagicCliffsArtwork/tileset.png
  artifactKey: Guid(e6b6d08ce81654c3bb8887b055fb015d) Importer(815301076,1909f56bfc062723c751e8b465ee728b)
Start importing Assets/MagicCliffsArtwork/tileset.png using Guid(e6b6d08ce81654c3bb8887b055fb015d) Importer(815301076,1909f56bfc062723c751e8b465ee728b)  -> (artifact id: '8b5eef78a81f36e8910978165f550a4e') in 0.072987 seconds 
========================================================================
Received Import Request.
  Time since last request: 4.228447 seconds.
  path: Assets/MagicCliffsArtwork/tileset.png
  artifactKey: Guid(e6b6d08ce81654c3bb8887b055fb015d) Importer(815301076,1909f56bfc062723c751e8b465ee728b)
Start importing Assets/MagicCliffsArtwork/tileset.png using Guid(e6b6d08ce81654c3bb8887b055fb015d) Importer(815301076,1909f56bfc062723c751e8b465ee728b)  -> (artifact id: 'f2884f5349283891a8f408e1b637ed80') in 0.069375 seconds 
========================================================================
Received Import Request.
  Time since last request: 6.507614 seconds.
  path: Assets/MagicCliffsArtwork/tileset.png
  artifactKey: Guid(e6b6d08ce81654c3bb8887b055fb015d) Importer(815301076,1909f56bfc062723c751e8b465ee728b)
Start importing Assets/MagicCliffsArtwork/tileset.png using Guid(e6b6d08ce81654c3bb8887b055fb015d) Importer(815301076,1909f56bfc062723c751e8b465ee728b)  -> (artifact id: '016f53a881d026d67cae772fd39945eb') in 0.070748 seconds 
========================================================================
Received Import Request.
  Time since last request: 40.029166 seconds.
  path: Assets/MagicCliffsArtwork/tileset.png
  artifactKey: Guid(e6b6d08ce81654c3bb8887b055fb015d) Importer(815301076,1909f56bfc062723c751e8b465ee728b)
Start importing Assets/MagicCliffsArtwork/tileset.png using Guid(e6b6d08ce81654c3bb8887b055fb015d) Importer(815301076,1909f56bfc062723c751e8b465ee728b)  -> (artifact id: '02e9dec8cb0cc2487cf2a35fd842a2fd') in 0.066916 seconds 
========================================================================
Received Import Request.
  Time since last request: 9.700963 seconds.
  path: Assets/MagicCliffsArtwork/tileset.png
  artifactKey: Guid(e6b6d08ce81654c3bb8887b055fb015d) Importer(815301076,1909f56bfc062723c751e8b465ee728b)
Start importing Assets/MagicCliffsArtwork/tileset.png using Guid(e6b6d08ce81654c3bb8887b055fb015d) Importer(815301076,1909f56bfc062723c751e8b465ee728b)  -> (artifact id: '597abf566208400d2d15a7617a0e8335') in 0.068182 seconds 
========================================================================
Received Import Request.
  Time since last request: 225.964850 seconds.
  path: Assets/GameHouse/Sound
  artifactKey: Guid(a394b0da3c3293e479265607a3aee1f2) Importer(815301076,1909f56bfc062723c751e8b465ee728b)
Start importing Assets/GameHouse/Sound using Guid(a394b0da3c3293e479265607a3aee1f2) Importer(815301076,1909f56bfc062723c751e8b465ee728b)  -> (artifact id: 'f35eb34b1a34e877b63400939a66dc7a') in 0.008318 seconds 
========================================================================
Received Import Request.
  Time since last request: 0.569690 seconds.
  path: Assets/GameHouse/Sprite
  artifactKey: Guid(4dd1a5cb15f902b4182649fb420d75b6) Importer(815301076,1909f56bfc062723c751e8b465ee728b)
Start importing Assets/GameHouse/Sprite using Guid(4dd1a5cb15f902b4182649fb420d75b6) Importer(815301076,1909f56bfc062723c751e8b465ee728b)  -> (artifact id: '57ddfbbe5098f6b6eaaeb14da876139d') in 0.007564 seconds 
========================================================================
Received Import Request.
  Time since last request: 5.220993 seconds.
  path: Assets/GameHouse/TilePalette/New Palette.prefab
  artifactKey: Guid(300a613d3b0fa6c4482a6a96081d7834) Importer(815301076,1909f56bfc062723c751e8b465ee728b)
Start importing Assets/GameHouse/TilePalette/New Palette.prefab using Guid(300a613d3b0fa6c4482a6a96081d7834) Importer(815301076,1909f56bfc062723c751e8b465ee728b)  -> (artifact id: 'c73649bfb0622e0dc566dd2abd238fad') in 0.015045 seconds 
========================================================================
Received Prepare
Registering precompiled user dll's ...
Registered in 0.006506 seconds.
Begin MonoManager ReloadAssembly
Symbol file LoadedFromMemory doesn't match image I:\UnityProject\GameHouse\Library\PackageCache\com.unity.visualscripting@1.6.1\Editor\VisualScripting.Core\Dependencies\YamlDotNet\Unity.VisualScripting.YamlDotNet.dll
Symbol file LoadedFromMemory doesn't match image I:\UnityProject\GameHouse\Library\PackageCache\com.unity.visualscripting@1.6.1\Editor\VisualScripting.Core\Dependencies\DotNetZip\Unity.VisualScripting.IonicZip.dll
Native extension for WindowsStandalone target not found
Refreshing native plugins compatible for Editor in 0.81 ms, found 4 plugins.
Preloading 0 native plugins for Editor in 0.00 ms.
Mono: successfully reloaded assembly
- Completed reload, in  1.202 seconds
Domain Reload Profiling:
	ReloadAssembly (1202ms)
		BeginReloadAssembly (152ms)
			ExecutionOrderSort (0ms)
			DisableScriptedObjects (7ms)
			BackupInstance (0ms)
			ReleaseScriptingObjects (0ms)
			CreateAndSetChildDomain (47ms)
		EndReloadAssembly (991ms)
			LoadAssemblies (119ms)
			RebuildTransferFunctionScriptingTraits (0ms)
			SetupTypeCache (367ms)
			ReleaseScriptCaches (1ms)
			RebuildScriptCaches (45ms)
			SetupLoadedEditorAssemblies (337ms)
				LogAssemblyErrors (0ms)
				InitializePlatformSupportModulesInManaged (5ms)
				SetLoadedEditorAssemblies (0ms)
				RefreshPlugins (1ms)
				BeforeProcessingInitializeOnLoad (66ms)
				ProcessInitializeOnLoadAttributes (251ms)
				ProcessInitializeOnLoadMethodAttributes (10ms)
				AfterProcessingInitializeOnLoad (3ms)
				EditorAssembliesLoaded (0ms)
			ExecutionOrderSort2 (0ms)
			AwakeInstancesAfterBackupRestoration (18ms)
Platform modules already initialized, skipping
Refreshing native plugins compatible for Editor in 0.87 ms, found 4 plugins.
Preloading 0 native plugins for Editor in 0.00 ms.
Unloading 3673 Unused Serialized files (Serialized files now loaded: 0)
System memory in use before: 151.5 MB.
System memory in use after: 151.6 MB.

Unloading 25 unused Assets to reduce memory usage. Loaded Objects now: 4502.
Total: 3.114000 ms (FindLiveObjects: 0.389500 ms CreateObjectMapping: 0.095100 ms MarkObjects: 2.514800 ms  DeleteObjects: 0.113600 ms)

AssetImportParameters requested are different than current active one (requested -> active):
  custom:framework-win-MediaFoundation: 216162199b28c13a410421893ffa2e32 -> 
  custom:video-decoder-ogg-theora: a1e56fd34408186e4bbccfd4996cb3dc -> 
  custom:container-muxer-webm: aa71ff27fc2769a1b78a27578f13a17b -> 
  custom:container-demuxer-webm: 4f35f7cbe854078d1ac9338744f61a02 -> 
  custom:container-demuxer-ogg: 62fdf1f143b41e24485cea50d1cbac27 -> 
  custom:video-encoder-webm-vp8: eb34c28f22e8b96e1ab97ce403110664 -> 
  custom:video-decoder-webm-vp8: 9c59270c3fd7afecdb556c50c9e8de78 -> 
  custom:audio-decoder-ogg-vorbis: bf7c407c2cedff20999df2af8eb42d56 -> 
  custom:audio-encoder-webm-vorbis: bf7c407c2cedff20999df2af8eb42d56 -> 
========================================================================
Received Import Request.
  Time since last request: 28.737211 seconds.
  path: Assets/GameHouse/Prefabs
  artifactKey: Guid(8c564191739a48d47bbba7459f724881) Importer(815301076,1909f56bfc062723c751e8b465ee728b)
Start importing Assets/GameHouse/Prefabs using Guid(8c564191739a48d47bbba7459f724881) Importer(815301076,1909f56bfc062723c751e8b465ee728b)  -> (artifact id: '3dd1f768fdaa5adb08783348e4d6ec9c') in 0.011315 seconds 
AssetImportWorkerClient::OnTransportError - code=2 error=End of file
